=== RUN   TestE2E_Delivery
    e2e_test.go:21: 
        	Error Trace:	/home/gambal/gambs/pombohook/e2e_test.go:21
        	Error:      	Received unexpected error:
        	            	connecting to server: websocket: bad handshake
        	Test:       	TestE2E_Delivery
--- FAIL: TestE2E_Delivery (0.03s)
=== RUN   TestE2E_Queueing
=== RUN   TestE2E_Queueing/e2e_should_queue_when_cli_offline
    e2e_test.go:95: 
        	Error Trace:	/home/gambal/gambs/pombohook/e2e_test.go:95
        	Error:      	Not equal: 
        	            	expected: 202
        	            	actual  : 404
        	Test:       	TestE2E_Queueing/e2e_should_queue_when_cli_offline
=== RUN   TestE2E_Queueing/e2e_should_flush_queue_on_reconnect
    e2e_test.go:106: 
        	Error Trace:	/home/gambal/gambs/pombohook/e2e_test.go:106
        	Error:      	Received unexpected error:
        	            	connecting to server: websocket: bad handshake
        	Test:       	TestE2E_Queueing/e2e_should_flush_queue_on_reconnect
--- FAIL: TestE2E_Queueing (0.02s)
    --- FAIL: TestE2E_Queueing/e2e_should_queue_when_cli_offline (0.00s)
    --- FAIL: TestE2E_Queueing/e2e_should_flush_queue_on_reconnect (0.00s)
=== RUN   TestE2E_QueueFull
=== RUN   TestE2E_QueueFull/e2e_should_return_503_when_queue_full
    e2e_test.go:129: 
        	Error Trace:	/home/gambal/gambs/pombohook/e2e_test.go:129
        	Error:      	Not equal: 
        	            	expected: 202
        	            	actual  : 404
        	Test:       	TestE2E_QueueFull/e2e_should_return_503_when_queue_full
    e2e_test.go:137: 
        	Error Trace:	/home/gambal/gambs/pombohook/e2e_test.go:137
        	Error:      	Not equal: 
        	            	expected: 503
        	            	actual  : 404
        	Test:       	TestE2E_QueueFull/e2e_should_return_503_when_queue_full
--- FAIL: TestE2E_QueueFull (0.02s)
    --- FAIL: TestE2E_QueueFull/e2e_should_return_503_when_queue_full (0.00s)
=== RUN   TestE2E_PingAndAuth
=== RUN   TestE2E_PingAndAuth/e2e_ping_should_return_pong_with_auth
=== RUN   TestE2E_PingAndAuth/e2e_ping_should_reject_without_auth
--- PASS: TestE2E_PingAndAuth (0.01s)
    --- PASS: TestE2E_PingAndAuth/e2e_ping_should_return_pong_with_auth (0.00s)
    --- PASS: TestE2E_PingAndAuth/e2e_ping_should_reject_without_auth (0.00s)
FAIL
FAIL	github.com/NatalNW7/pombohook	0.088s
FAIL
